[    0.0000] Linuxerion 4.150-5-ener (buldd@lg01md64-006) (gcc version 7.4.0 (Ubuntu 7.4.0-1ubuntu1~18.04))#74-Ubnt SP Tue Se 1 1:06:04 UC 01 (Ubunu .1.0-65.74-genric 4.15.)
[  0.000000] Command line: BOOT_IMAGE=/boot/vmlinuz-4.15.0-65-generic root=LABEL=cloudimg-rootfs ro console=tty1 consolettyS0
[    0.000000] KERNEL supported cpus:
[    0.000000]   Intel GenuineIntel
[    0.000000]   AMD AuthenticAMD
[    0.000000]   Centaur CentaurHauls
[    0.000000] x86/fpu: Supporting XSAVE feature 0x001: 'x87 floating point registers'
[    0.000000] x86/fpu: Supporting XSAVE feature 0x002: 'SSE registers'
[    0.000000] x86/fpu: Supporting XSAVE featuure 0x004: 'AVX registers'
[    0.00000] x86/fpu: xstate_offset[2]:  576, xstate_sizes[2]:  256
[    0.000000] x86/fpu: Enabled xstate features 0x7, context size is 832 bytes, using 'standard' format.
[    0.000000] e820: BIOS-provided physical RAM map:
[    0.000000] BIOS-e820: [mem 0x0000000000000000-0x000000000009fbff] usable
[    0.000000] BIOS-e820: [mem 0x000000000009fc00-0x000000000009ffff] reserved
[    0.000000] BIOS-e820: [mem 0x00000000000f0000-0x00000000000fffff] reserved
[    0.000000] BIOS-e820: [mem 0x0000000000100000-0x000000003ffeffff] usable
[    0.000000] BIOS-e820: [mem0x000003ff0000-0x00000003fffffffACI da
    .000] BIOS-e820: me0x000000fe00000-x000000fc0fff] reserved
[   0.0000BIOSe80:[memx0000000ee000-x000000fe0ff] reseve
    .0000] BIOSe820: [mem 0x00000000fffc0000-0x00000000ffffffff] reserved
[    0.000000] NX (Execute Disable) protection: active
[    0.000000] SMBIOS 2.5 present.
[    0.000000] DMI: innotek GmbH VirtualBox/VirtualBox, BIOS VirtualBox 12/01/2006
[    0.000000] Hypervisor detected: KVM
[    0.000000] e820: last_pfn = 0x3fff0 max_arch_pfn = 0x400000000
[    0000000] MTRR: Disabled
[    0.000000] x86/PAT: MTRRs disabled, skipping PAT initialization too.
[    0.000000] CPU MTRRs all blank - virtualized system.
[    0.000000] x86/PAT: Configuration [0-7]: WB  WT  UC- UC  WB  WT  UC- UC  
[    0.000000] found SMP MP-table at [mem 0x0009fff0-0x0009ffff]
[    0.000000] Scanning 1 areas for low memory corruption
[    0.000000] RAMDISK: [mem 0x35977000-0x36cb2fff]
[    0.000000] ACPI: Early table checksum verification disabled
[    0.000000] ACPI: RSDP 0x00000000000E0000 000024 (v02 VBOX  )
[    0.000000] ACPI: XSDT 0x000000003FFF0030 00003C (v01 VBOX   VBOXXSDT 00000001 ASL  00000061)
[    0.000000] ACPI: FACP 0x000000003FFF00F0 0000F4 (v04 VBOX   VBOXFACP 000000001 ASL  00000061)
[    0.000000] ACPI: DSDT 0x000000003FFF0470 0021FF (v02 VBOX   VBOXBIOS 00000002 INTL 20100528)
[    0.000000] ACPI: FACS 0x000000003FFF0200 000040
[    0.000000] ACPI: FACS 0x000000003FFF0200 000040
[    0.000000] ACPI: APIC 0x000000003FFF0240 00005C (v02 VBOX   VBOXAPIC 00000001 ASL  00000061)
[    0.000000] ACPI: SSDT 0x000000003FFF02A0 0001CC (v01 VBOX   VBOXCPUT 00000002 INTL 20100528)
[    0.000000] No NUMA configuration found
[    0.000000] Faking a node at [mem 0x0000000000000000-0x000000003ffeffff]
[    0.000000] NODE_DATA(0) allocated [mem 0x3ffc5000-0x3ffeffff]
[    0.000000] kvm-clock: cpu 0, msr 0:3ff44001, primary cpu clock
[    0.000000] kvm-clock: Using msrs 4b564d01 and 4b564d00
[    0.000000] kvm-clock: using sched offset of 3750206947 cycles
[    0.000000] clocksource: kvm-clock: mask: 0xffffffffffffffff max_cycles: 0x1cd42e4dffb,maiddle_ns: 150591483 
    0.000000] Zonrages:
[   .000000]  MA    mem 0x0000000000100-00000000fffff]
[  0.000000] DMA32   [m 0x0000000100000-0000003fffff]
[    0.000000]   Normal  emy
[   000000  evice  empty
[    0.000000] Movable zone start for each node
[    0.000000] Early memory node ranges
[    0.000000]   node   0: [mem 0x0000000000001000-0x000000000009efff]
[    0.000000]   node   0: [mem 0x0000000000100000-0x000000003ffeffff]
[    0.000000] Reserved but unavailable: 98 pages
[    0.000000] Initmem setup node 0 [mem 0x0000000000001000-0x000000003ffeffff]
[    0.00000] ACPI: PM-Timer IO Port: 0x4008
[    0.000000] IOAPIC[0]: apic_id 2, version 32, address 0xfec00000, GSI 0-23
[    0.000000] ACPI: INT_SRC_OVR (bus 0 bus_irq 0 global_irq 2 dfl dfl)
[    0.000000] ACPI: INT_SRC_OVR (bus 0 bus_irq 9 global_irq 9 low level)
[    0.000000] Using ACPI (MADT) for SMP configuration information
[    0.000000] smpboot: Allowing 2 CPUs, 0 hotplug CPUs
[    0.000000] PM: Registered nosave memory: [mem 0x00000000-0x00000fff]
[    0.000000] PM: Registered nosave memory: [mem 0x0009f000-0x0009ffff]
[    0.000000] PM: Registered nosave memory: [mem 0x000a0000-0x000effff]
[    0.000000] PM: Registered nosave memory: [mem 0x000f0000-0x000fffff]
[    0.000000] e820: [mem 0x40000000-0xfebfffff] available for PCI devices
[    0.000000] Booting parairalized krnl onVM
[  000000]clcksoure:efined-jiffies: mask0xfffffff axcyles:xffffff, max_ide_s: 76455196021568ns
[    0.000000] random: get_anom_bytes called from tart_krnl+0x9/4f wit cg_init=0
[    0.000000] setup_percpu: NR_CPUS:8192 nr_cpumask_bits:2 nr_cpu_ids:2 nr_node_ids:1
[    0.000000] percpu: Embedded 46 pages/cpu s151552 r8192 d28672 u1048576
[    0.000000] PV qspinlock hash table entries: 256 (order: 0, 4096 bytes)
[    0.000000] Built 1 zonelists, mobility grouping on.  Total pages: 257913
[    0.000000] Policy zone: DMA32
[    0.000000] Kernel command line: BBOOT_IMAGE=/boot/vmlinuz-4.15.0-65-generic root=LABEL=cloudimg-rootfs ro console=tty1 console=ttyS0
[    0.000000] Memory: 982884K/1048120K available (12300K kernel code, 2481K rwdata, 4256K rodata, 2436K init, 2388K bss, 65236K reserved, 0K cma-reserved)
[    0.000000] SLUB: HWalign=64, Order=0-3, MinObjects=0, CPUs=2, Nodes=1
[    0.000000] Kernel/User page tables isolation: enabled
[    0.000000] ftrace: allocating 39301 entries in 154 pages
[    0.004000] Hierarchical RCU implementation.
[    0.004000] 	RCU restricting CPUs from NR_CPUS=8192 to nr_cpu_ids=2.
[    0.004000] 	Tasks RCU enabled.
[    0.004000] RCU: Adjusting geometry for rcu_fanout_leaf=16, nr_cpu_ids=2
[    0.004000] NR_IRQS: 524544, nr_irqs: 440, preallocated irqs: 16
[    0.004000] Console: colour VGA+ 80x25
[    0.004000] console [tty1] enabled
[    0.004000] console [ttyS0] enabled
[    0.004000] ACPI: Core revision 20170831
[    0.004000] ACPI: 2 ACPI AML tables successfully acquired and loaded
[    0.004000] APIC: Switch to symmetric I/O mode setup
[    0.004000] x2apic enabled
[    0.004000] Switched APIC routing to physical x2apic.
[    0.004000] ..TIMER: vector=0x30 apic1=0 pin1=2 apic2=-1 pin2=-1
[    0.004005] tsc: Detected 1391.999 MHz processor
[    0.004937] Calibrating delay loop (skipped) preset value.. 2783.99 BogoMIPS (lpj=5567996)
[    0.005634] pid_max: default: 32768 minimum: 301
[    0.008029] Security Framework initialized
[    0.008870] Yama: becoming mindful.
[    0.009612] AppArmor: AppArmor initialized
[    0.012052] Dentry cache hash table entries: 131072 (order: 8, 1048576 bytes)
[    0.016100] Inode-cache hash table entries: 65536 (order: 7, 524288 bytes)
[    0.020018] Mount-cache hash table entries: 2048 (order: 2, 16384 bytes)
[    0.024013] Mountpoint-cache hash table entries: 2048 (order: 2, 16384 bytes)
[    0.028255] Last level iTLB entries: 4KB 64, 2MB 8, 4MB 8
[    0.032006] Last level dTLB entries: 4KB 64, 2MB 0, 4MB 0, 1GB 4
[    0.036003] Spectre V1 : Mitigation: usercopy/swapgs barriers and __user pointer sanitization
[    0.040003] Spectre V2 : Mitigation: Full generic retpoline
[    0.044021] Spectre V2 : Spectre v2 / SpectreRSB mitigation: Filling RSB on context switch
[    0.048008] Speculative Store Bypass: Vulnerable
[    0.052041] MDS: Vulnerable: Clear CPU buffers attempted, no microcode
[    0.053865] Freeing SMP alternatives memory: 36K
[    0.165358] smpboot: CPU0: Intel(R) Core(TM) i5-8257U CPU @ 1.40GHz (family: 0x6, model: 0x8e, stepping: 0xa)
[    0.168088] Performance Events: unsupported p6 CPU model 142 no PMU driver, software events only.
[    0.172071] Hierarchical SRCU implementation.
[    0.176581] NMI watchdog: Perf event create on CPU 0 failed with -2
[    0.180004] NMI watchdog: Perf NMI watchdog permanently disabled
[    0.184083] smp: Bringing up secondary CPUs ...
[    0.188089] x86: Booting SMP configuration:
[    0.192003] .... node  #0, CPUs:      #1
[    0.004000] kvm-clock: cpu 1, msr 0:3ff44041, secondary cpu clock
[    0.338137] smp: Brought up 1 node, 2 CPUs
[    0.340006] smpboot: Max logical packages: 1
[    0.344009] smpboot: Total of 2 processors activated (5567.99 BogoMIPS)
[    0.348163] devtmpfs: initialized
[    0.348939] x86/mm: Memory block size: 128MB
[    0.350183] evm: security.selinux
[    0.352004] evm: security.SMACK64
[    0.352870] evm: security.SMACK64EXEC
[    0.353821] evm: security.SMACK64TRANSMUTE
[    0.354846] evm: security.SMACK64MMAP
[    0.355814] evm: security.apparmor
[    0.356003] evm: security.ima
[    0.356843] evm: security.capability
[    0.357910] clocksource: jiffies: mask: 0xffffffff max_cycles: 0xffffffff, max_idle_ns: 7645041785100000 ns
[    0.360014] futex hash table entries: 512 (order: 3, 32768 bytes)
[    0.364027] pinctrl core: initialized pinctrl subsystem
[    0.365322] RTC time: 10:09:54, date: 10/08/19
[    0.368074] NET: Registered protocol family 16
[    0.369303] audit: initializing netlink subsys (disabled)
[    0.370624] audit: type=2000 audit(1570529394.285:1): state=initialized audit_enabled=0 res=1
[    0.372006] cpuidle: using governor ladder
[    0.373034] cpuidle: using governor menu
[    0.374050] ACPI: bus type PCI registered
[    0.375039] acpiphp: ACPI Hot Plug PCI Controller Driver version: 0.5
[    0.376107] PCI: Using configuration type 1 for base access
[    0.380040] HugeTLB registered 2.00 MiB page size, pre-allocated 0 pages
[    0.381570] ACPI: Added _OSI(Module Device)
[    0.381570] ACPI: Added _OSI(Processor Device)
[    0.384003] ACPI: Added _OSI(3.0 _SCP Extensions)
[    0.385167] ACPI: Added _OSI(Processor Aggregator Device)
[    0.386753] ACPI: Added _OSI(Linux-Dell-Video)
[    0.387650] ACPI: Added _OSI(Linux-Lenovo-NV-HDMI-Audio)
[    0.388019] ACPI: Added _OSI(Linux-HPI-Hybrid-Graphics)
[    0.396107] ACPI: Executed 1 blocks of module-level executable AML code
[    0.406656] ACPI: Interpreter enabled
[    0.408014] ACPI: (supports S0 S5)
[    0.412004] ACPI: Using IOAPIC for interrupt routing
[    0.416229] PCI: Using host bridge windows from ACPI; if necessary, use "pci=nocrs" and report a bug
[    0.420206] ACPI: Enabled 2 GPEs in block 00 to 07
[    0.429818] ACPI: PCI Root Bridge [PCI0] (domain 0000 [bus 00-ff])
[    0.432008] acpi PNP0A03:00: _OSC: OS supports [ASPM ClockPM Segments MSI]
[    0.436053] acpi PNP0A03:00: _OSC: not requesting OS control; OS requires [ExtendedConfig ASPM ClockPM MSI]
[    0.440026] acpi PNP0A03:00: fail to add MMCONFIG information, can't access extended PCI configuration space under this bridge.
[    0.444529] PCI host bridge to bus 0000:00
[    0.448019] pci_bus 0000:00: root bus resource [io  0x0000-0x0cf7 window]
[    0.450724] pci_bus 0000:00: root bus resource [io  0x0d00-0xffff window]
[    0.452004] pci_bus 0000:00: root bus resource [mem 0x000a0000-0x000bffff window]
[    0.453664] pci_bus 0000:00: root bus resource [mem 0x40000000-0xfdffffff window]
[    0.456004] pci_bus 0000:00: root bus resource [bus 00-ff]
[    0.460651] pci 0000:00:01.1: legacy IDE quirk: reg 0x10: [io  0x01f0-0x01f7]
[    0.462257] pci 0000:00:01.1: legacy IDE quirk: reg 0x14: [io  0x03f6]
[    0.463769] pci 0000:00:01.1: legacy IDE quirk: reg 0x18: [io  0x0170-0x0177]
[    0.464003] pci 0000:00:01.1: legacy IDE quirk: reg 0x1c: [io  0x0376]
[    0.484097] pci 0000:00:07.0: quirk: [io  0x4000-0x403f] claimed by PIIX4 ACPI
[    0.485625] pci 0000:00:07.0: quirk: [io  0x4100-0x410f] claimed by PIIX4 SMB
[    0.496318] ACPI: PCI Interrupt Link [LNKA] (IRQs 5 9 10 *11)
[    0.500314] ACPI: PCI Interrupt Link [LNKB] (IRQs 5 9 *10 11)
[    0.504134] ACPI: PCI Interrupt Link [LNKC] (IRQs 5 *9 10 11)
[    0.508133] ACPI: PCI Interrupt Link [LNKD] (IRQs 5 9 10 *11)
[    0.512385] SCSI subsystem initialized
[    0.520069] pci 0000:00:02.0: vgaarb: setting as boot VGA device
[    0.524000] pci 0000:00:02.0: vgaarb: VGA device added: decodes=io+mem,owns=io+mem,locks=none
[    0.524007] pci 0000:00:02.0: vgaarb: bridge control possible
[    0.528006] vgaarb: loaded
[    0.532053] ACPI: bus type USB registered
[    0.536025] usbcore: registered new interface driver usbfs
[    0.540013] usbcore: registered new interface driver hub
[    0.544029] usbcore: registered new device driver usb
[    0.548069] EDAC MC: Ver: 3.0.0
[    0.552307] PCI: Using ACPI for IRQ routing
[    0.556368] NetLabel: Initializing
[    0.560007] NetLabel:  domain hash size = 128
[    0.561105] NetLabel:  protocols = UNLABELED CIPSOv4 CALIPSO
[    0.562553] NetLabel:  unlabeled traffic allowed by default
[    0.564085] clocksource: Switched to clocksource kvm-clock
[    0.577315] VFS: Disk quotas dquot_6.6.0
[    0.578522] VFS: Dquot-cache hash table entries: 512 (order 0, 4096 bytes)
[    0.580300] AppArmor: AppArmor Filesystem Enabled
[    0.581523] pnp: PnP ACPI init
[    0.583516] pnp: PnP ACP: un3 vis
[   0.29] ocoue:cppmmak: 0xffffff max_cycles: 0xfffff m_ie_: 851024 ns  1.55425] NET: Registered protocol family 2

[    1.661894] TCP established hash table entries: 8192 (order: 4, 65536 bytes)
[    1.663660] TCP bind hash table entries: 8192 (order: 5, 131072 bytes)
[    1.666821] TCP: Hash tables configured (established 8192 bind 8192)
[    1.668518] UDP hash table entries: 512 (order: 2, 16384 bytes)
[    1.669988] UDP-Lite hash table entries: 512 (order: 2, 16384 bytes)
[    1.671598] NET: Registered protocol family 1
[    1.672685] pci 0000:00:00.0: Limiting direct PCI/PCI transfers
[    1.674242] pci 0000:00:01.0: Activating ISA DMA hang workarounds
[    1.675823] pci 0000:00:02.0: Video device with shadowed ROM at [mem 0x000c0000-0x000dffff]
[    1.678182] Unpacking initramfs...
[    1.920491] Freeing initrd memory: 19696K
[    2.013836] clocksource: tsc: mask: 0xffffffffffffffff max_cycles: 0x14109a24aaa, max_idle_ns: 440795250993 ns
[    2.210073] platform rtc_cmos: registered platform RTC device (no PNP device found)
[    2.370443] Scanning for low memory corruption every 60 seconds
[    2.489153] Initialise system trusted keyrings
[    2.572690] Key type blacklist registered
[    2.636749] workingset: timestamp_bits=36 max_order=18 bucket_order=0
[    2.727193] zbud: loaded
[    2.729373] squashfs: version 4.0 (2009/01/31) Phillip Lougher
[    2.730941] fuse init (API version 7.26)
[    2.737602] Key type asymmetric registered
[    2.738702] Asymmetric key parser 'x509' registered
[    2.739972] Block layer SCSI generic (bsg) driver version 0.4 loaded (major 246)
[    2.741931] io scheduler noop registered
[    2.742925] io scheduler deadline registered
[    2.744073] io scheduler cfq registered (default)
[    2.745783] ACPI: AC Adapter [AC] (off-line)
[    2.749086] input: Power Button as /devices/LNXSYSTM:00/LNXPWRBN:00/input/input0
[    2.750950] ACPI: Power Button [PWRF]
[    2.752304] input: Sleep Button as /devices/LNXSYSTM:00/LNXSLPBN:00/input/input1
[    2.754350] ACPI: Sleep Button [SLPF]
[    2.757158] ACPI: Battery Slot [BAT0] (battery present)
[    2.760252] Serial: 8250/16550 driver, 32 ports, IRQ sharing enabled
[    2.788101] 00:02: ttyS0 at I/O 0x3f8 (irq = 4, base_baud = 115200) is a 16550A
[    2.978277] Linux agpgart interface v0.103
[    3.078396] loop: module loaded
[    3.153527] scsi host0: ata_piix
[    3.247615] scsi host1: ata_piix
[    3.335982] ata1: PATA max UDMA/33 cmd 0x1f0 ctl 0x3f6 bmdma 0xd000 irq 14
[    3.509148] ata2: PATA max UDMA/33 cmd 0x170 ctl 0x376 bmdma 0xd008 irq 15
[    3.712841] libphy: Fixed MDIO Bus: probed
[    3.809630] tun: Universal TUN/TAP device driver, 1.6
[    3.811091] PPP generic driver version 2.4.2
[    3.812267] ehci_hcd: USB 2.0 'Enhanced' Host Controller (EHCI) Driver
[    3.813961] ehci-pci: EHCI PCI platform driver
[    3.815121] ehci-platform: EHCI generic platform driver
[    3.816367] ohci_hcd: USB 1.1 'Open' Host Controller (OHCI) Driver
[    3.817890] ohci-pci: OHCI PCI platform driver
[    3.818970] ohci-platform: OHCI generic platform driver
[    3.821463] uhci_hcd: USB Universal Host Controller Interface driver
[    3.823029] i8042: PNP: PS/2 Controller [PNP0303:PS2K,PNP0f03:PS2M] at 0x60,0x64 irq 1,12
[    3.834118] serio: i8042 KBD port at 0x60,0x64 irq 1
[    3.835429] serio: i8042 AUX port at 0x60,0x64 irq 12
[    3.836784] mousedev: PS/2 mouse device common for all mice
[    3.838302] input: AT Translated Set 2 keyboard as /devices/platform/i8042/serio0/input/input2
[    3.840947] rtc_cmos rtc_cmos: rtc core: registered rtc_cmos as rtc0
[    3.842394] rtc_cmos rtc_cmos: alarms up to one day, 114 bytes nvram
[    3.844236] i2c /dev entries driver
[    3.845029] device-mapper: uevent: version 1.0.3
[    3.846053] device-mapper: ioctl: 4.37.0-ioctl (2017-09-20) initialised: dm-devel@redhat.com
[    3.847787] ledtrig-cpu: registered to indicate activity on CPUs
[    3.849654] NET: Registered protocol family 10
[    3.854527] Segment Routing with IPv6
[    3.909712] NET: Registered protocol family 17
[    3.972757] Key type dns_resolver registered
[    4.028845] mce: Using 0 MCE banks
[    4.045568] RAS: Correctable Errors collector initialized.
[    4.047145] sched_clock: Marking stable (4045515541, 0)->(11766455146, -7720939605)
[    4.049822] registered taskstats version 1
[    4.050802] Loading compiled-in X.509 certificates
[    4.054272] Loaded X.509 cert 'Build time autogenerated kernel key: 3a65b6a3c8b5d6b297d77c25be9161529933bc49'
[    4.056702] zswap: loaded using pool lzo/zbud
[    4.061358] Key type big_key registered
[    4.062418] Key type trusted registered
[    4.064819] Key type encrypted registered
[    4.065837] AppArmor: AppArmor sha1 policy hashing enabled
[    4.067173] ima: No TPM chip found, activating TPM-bypass! (rc=-19)
[    4.069785] ima: Allocated hash algorithm: sha1
[    4.070990] evm: HMAC attrs: 0x1
[    4.073367]   Magic number: 7:301:173
[    4.074501] rtc_cmos rtc_cmos: setting system clock to 2019-10-08 10:10:00 UTC (1570529400)
[    4.077696] BIOS EDD facility v0.16 2004-Jun-25, 0 devices found
[    4.079025] EDD information not available.
[    4.082361] Freeing unused kernel image memory: 2436K
[    4.100364] Write protecting the kernel read-only data: 20480k
[    4.134728] Freeing unused kernel image memory: 2008K
[    4.136525] Freeing unused kernel image memory: 1888K
[    4.143391] x86/mm: Checked W+X mappings: passed, no W+X pages found.
[    4.145157] x86/mm: Checking user space page tables
[    4.151066] x86/mm: Checked W+X mappings: passed, no W+X pages found.
Loading, please wait...
starting version 237
[    4.209487] e1000: Intel(R) PRO/1000 Network Driver - version 7.3.21-k8-NAPI
[    4.343575] e1000: Copyright (c) 1999-2006 Intel Corporation.
[    4.353519] Fusion MPT base driver 3.04.20
[    4.412442] Copyright (c) 1999-2008 LSI Corporation
[    4.493466] AVX2 version of gcm_enc/dec engaged.
[    4.642782] AES CTR mode by8 optimization enabled
[    4.699743] vboxvideo: loading out-of-tree module taints kernel.
[    4.700595] input: ImExPS/2 Generic Explorer Mouse as /devices/platform/i8042/serio1/input/input4
[    4.747368] vboxvideo: module verification failed: signature and/or required key missing - tainting kernel
[    4.899214] Fusion MPT SPI Host driver 3.04.20
[    4.904270] mptbase: ioc0: Initiating bringup
[    5.181620] ioc0: LSI53C1030 A0: Capabilities={Initiator}
[    7.137276] scsi host2: ioc0: LSI53C1030 A0, FwRev=00000000h, Ports=1, MaxQ=256, IRQ=20
[    8.773118] scsi 2:0:0:0: Direct-Access     VBOX     HARDDISK         1.0  PQ: 0 ANSI: 5
[    9.569054] [drm] VRAM 01000000
[    9.792934] [TTM] Zone  kernel: Available graphics memory: 504474 kiB
[   10.033147] [TTM] Initializing pool allocator
[   10.162415] [TTM] Initializing DMA pool allocator
[   10.311299] fbcon: vboxdrmfb (fb0) is primary device
[   10.312749] Console: switching to colour frame buffer device 100x37
[   10.315953] vboxvideo 0000:00:02.0: fb0: vboxdrmfb frame buffer device
[   10.324049] scsi target2:0:0: Beginning Domain Validation
[   10.326409] scsi target2:0:0: Domain Validation skipping write tests
[   10.329196] scsi target2:0:0: Ending Domain Validation
[   10.330353] scsi target2:0:0: asynchronous
[   10.331713] scsi 2:0:1:0: Direct-Access     VBOX     HARDDISK         1.0  PQ: 0 ANSI: 5
[   10.333405] [drm] Initialized vboxvideo 1.0.0 20130823 for 0000:00:02.0 on minor 0
[   10.378385] scsi target2:0:1: Beginning Domain Validation
[   10.608391] random: fast init done
[   10.643913] scsi target2:0:1: Domain Validation skipping write tests
[   10.702210] scsi target2:0:1: Ending Domain Validation
[   10.752054] scsi target2:0:1: asynchronous
[   10.802929] random: systemd-udevd: uninitialized urandom read (16 bytes read)
[   10.804352] random: systemd-udevd: uninitialized urandom read (16 bytes read)
[   10.805721] random: systemd-udevd: uninitialized urandom read (16 bytes read)
[   10.807610] sd 2:0:0:0: [sda] 20971520 512-byte logical blocks: (10.7 GB/10.0 GiB)
[   10.881304] sd 2:0:0:0: Attached scsi generic sg0 type 0
[   10.933799] e1000 0000:00:03.0 eth0: (PCI:33MHz:32-bit) 02:82:7a:7b:51:94
[   11.187703] e1000 0000:00:03.0 eth0: Intel(R) PRO/1000 Network Connection
[   11.192209] sd 2:0:0:0: [sda] Write Protect is off
[   11.396254] sd 2:0:1:0: Attached scsi generic sg1 type 0
[   11.398137] sd 2:0:1:0: [sdb] 20480 512-byte logical blocks: (10.5 MB/10.0 MiB)
[   11.400317] sd 2:0:1:0: [sdb] Write Protect is off
[   11.401777] sd 2:0:0:0: [sda] Incomplete mode parameter data
[   11.404560] sd 2:0:0:0: [sda] Assuming drive cache: write through
[   11.406309] sd 2:0:1:0: [sdb] Incomplete mode parameter data
[   11.408078] sd 2:0:1:0: [sdb] Assuming drive cache: write through
[   11.412076]  sda: sda1
[   11.413840] sd 2:0:1:0: [sdb] Attached SCSI disk
[   11.417009] sd 2:0:0:0: [sda] Attached SCSI disk
[   11.728890] e1000 0000:00:08.0 eth1: (PCI:33MHz:32-bit) 08:00:27:1e:5e:b7
[   11.844471] e1000 0000:00:08.0 eth1: Intel(R) PRO/1000 Network Connection
[   11.974033] e1000 0000:00:03.0 enp0s3: renamed from eth0
[   12.084109] e1000 0000:00:08.0 enp0s8: renamed from eth1
Begin: Loading essential drivers ... [   12.336353] raid6: sse2x1   gen() 12841 MB/s
[   12.500673] raid6: sse2x1   xor()  8826 MB/s
[   12.551185] raid6: sse2x2   gen() 16637 MB/s
[   12.717091] raid6: sse2x2   xor() 11084 MB/s
[   12.852227] raid6: sse2x4   gen() 20253 MB/s
[   13.042112] raid6: sse2x4   xor() 11200 MB/s
[   13.227570] raid6: avx2x1   gen() 27041 MB/s
[   13.382115] raid6: avx2x1   xor() 19204 MB/s
[   13.532727] raid6: avx2x2   gen() 31731 MB/s
[   13.624414] raid6: avx2x2   xor() 18906 MB/s
[   13.822206] raid6: avx2x4   gen() 37328 MB/s
[   13.977367] raid6: avx2x4   xor() 23371 MB/s
[   14.067743] raid6: using algorithm avx2x4 gen() 37328 MB/s
[   14.237589] raid6: .... xor() 23371 MB/s, rmw enabled
[   14.388656] raid6: using avx2x2 recovery algorithm
[   14.536492] xor: automatically using best checksumming function   avx       
[   14.654960] async_tx: api initialized (async)
done.
Begin: Running /scripts/init-premount ... done.
Begin: Mounting root file system ... Begin: Running /scripts/local-top ... done.
Begin: Running /scripts/local-premount ... [   14.700551] Btrfs loaded, crc32c=crc32c-intel
Scanning for Btrfs filesystems
done.
Warning: fsck not present, so skipping root file system
[   14.725263] EXT4-fs (sda1): mounted filesystem with ordered data mode. Opts: (null)
done.
Begin: Running /scripts/local-bottom ... done.
Begin: Running /scripts/init-bottom ... done.
[   14.904363] ip_tables: (C) 2000-2006 Netfilter Core Team
[   14.913059] systemd[1]: systemd 237 running in system mode. (+PAM +AUDIT +SELINUX +IMA +APPARMOR +SMACK +SYSVINIT +UTMP +LIBCRYPTSETUP +GCRYPT +GNUTLS +ACL +XZ +LZ4 +SECCOMP +BLKID +ELFUTILS +KMOD -IDN2 +IDN -PCRE2 default-hierarchy=hybrid)
[   14.917291] systemd[1]: Detected virtualization oracle.
[   15.032472] systemd[1]: Detected architecture x86-64.

Welcome to [1mUbuntu 18.04.3 LTS[0m!

[   15.214098] systemd[1]: Set hostname to <ubuntu-bionic>.
[   15.707958] systemd[1]: Started Forward Password Requests to Wall Directory Watch.
[[0;32m  OK  [0m] Started Forward Password Requests to Wall Directory Watch.
[   15.711338] systemd[1]: Reached target User and Group Name Lookups.
[[0;32m  OK  [0m] Reached target User and Group Name Lookups.
[   15.714216] systemd[1]: Reached target Swap.
[[0;32m  OK  [0m] Reached target Swap.
[   15.719913] systemd[1]: Created slice User and Session Slice.
[[0;32m  OK  [0m] Created slice User and Session Slice.
[   15.753255] systemd[1]: Reached target System Time Synchronized.
[[0;32m  OK  [0m] Reached target System Time Synchronized.
[   15.756710] systemd[1]: Set up automount Arbitrary Executable File Formats File System Automount Point.
[[0;32m  OK  [0m] Set up automount Arbitrary Executab…rmats File System Automount Point.
[[0;32m  OK  [0m] Created slice System Slice.
[[0;32m  OK  [0m] Listening on Network Service Netlink Socket.
[[0;32m  OK  [0m] Listening on LVM2 poll daemon socket.
[[0;32m  OK  [0m] Reached target Slices.
[[0;32m  OK  [0m] Listening on Device-mapper event daemon FIFOs.
[[0;32m  OK  [0m] Listening on udev Kernel Socket.
[[0;32m  OK  [0m] Listening on LVM2 metadata daemon socket.
[[0;32m  OK  [0m] Listening on Journal Socket (/dev/log).
[[0;32m  OK  [0m] Listening on Journal Socket.
         Starting Uncomplicated firewall...
         Mounting Huge Pages File System...
         Starting Create list of required st…ce nodes for the current kernel...
         Starting Remount Root and Kernel File Systems...
[[0;32m  OK  [0m] Listening on Journal Audit Socket.
[[0;32m  OK  [0m] Created slice system-serial\x2dgetty.slice.
[[0;32m  OK  [0m] Listening on /dev/initctl Compatibility Named Pipe.
         Starting Load Ke[   15.818761] EXT4-fs (sda1): re-mounted. Opts: (null)
rnel Modules...
[   15.930105] Loading iSCSI transport class v2.0-870.
         Mounting Kernel Debug File System...
         Starting Monitoring of LVM2 mirrors…ng dmeventd or progress polling...
[[0;32m  OK  [0m] Listening on Syslog Socket.
[   15.942763] iscsi: registered transport (tcp)
         Starting Journal Service...
[   15.960281] iscsi: registered transport (iser)
         Starting Set the console keyboard layout...
[[0;32m  OK  [0m] Listening on udev Control Socket.
         Starting udev Coldplug all Devices...
         Mounting POSIX Message Queue File System...
[[0;32m  OK  [0m] Started Uncomplicated firewall.
[[0;32m  OK  [0m] Started Journal Service.
[[0;32m  OK  [0m] Mounted Huge Pages File System.
[[0;32m  OK  [0m] Started Create list of required sta…vice nodes for the current kernel.
[[0;32m  OK  [0m] Started Remount Root and Kernel File Systems.
[[0;32m  OK  [0m] Started Load Kernel Modules.
[[0;32m  OK  [0m] Mounted Kernel Debug File System.
[[0;32m  OK  [0m] Started Set the console keyboard layout.
[[0;32m  OK  [0m] Mounted POSIX Message Queue File System.
[[0;32m  OK  [0m] Started udev Coldplug all Devices.
[[0;32m  OK  [0m] Started LVM2 metadata daemon.
         Starting Apply Kernel Variables...
         Mounting FUSE Control File System...
         Mounting Kernel Configuration File System...
         Starting Load/Save Random Seed...
         Starting Create Static Device Nodes in /dev...
         Starting Flush Journal to Persistent Storage...
[[0;32m  OK  [0m] Started Monitoring of LVM2 mirrors,…sing dmeventd or progress polling.
[[0;32m  OK  [0m] Started Apply Kernel Variables.
[[0;32m  OK  [0m] Mounted FUSE Control File System.
[[0;32m  OK  [0m] Mounted Kernel Configuration File System.
[[0;32m  OK  [0m] Started Load/Save Random Seed.
[[0;32m  OK  [0m] Started Create Static Device Nodes in /dev.
         Starting udev Kernel Device Manager...
[[0;32m  OK  [0m] Reached target Local File Systems (Pre).
[[0;32m  OK  [0m] Reached target Local File Systems.
         Starting ebtables ruleset management...
         Starting Tell Plymouth To Write Out Runtime Data...
         Starting AppArmor initialization...
         Starting Set console font and keymap...
[[0;32m  OK  [0m] Started Tell Plymouth To Write Out Runtime Data.
[[0;32m  OK  [0m] Started udev Kernel Device Manager.
[[0;32m  OK  [0m] Started Dispatch Password Requests to Console Directory Watch.
[[0;32m  OK  [0m] Reached target Local Encrypted Volumes.
[[0;32m  OK  [0m] Started Set console font and keymap.
[[0;32m  OK  [0m] Found device /dev/ttyS0.
[[0;32m  OK  [0m] Started Flush Journal to Persistent Storage.
[[0;32m  OK  [0m] Listening on Load/Save RF Kill Switch Status /dev/rfkill Watch.
         Starting Create Volatile Files and Directories...
[[0;32m  OK  [0m] Started ebtables ruleset management.
[[0;32m  OK  [0m] Started Create Volatile Files and Directories.
         Starting Update UTMP about System Boot/Shutdown...
[[0;32m  OK  [0m] Started Update UTMP about System Boot/Shutdown.
[[0;32m  OK  [0m] Started AppArmor initialization.
         Starting Initial cloud-init job (pre-networking)...
[   18.333479] cloud-init[587]: Cloud-init v. 19.2-36-g059d049c-0ubuntu1~18.04.1 running 'init-local' at Tue, 08 Oct 2019 10:10:14 +0000. Up 18.13 seconds.
[[0;32m  OK  [0m] Started Initial cloud-init job (pre-networking).
[[0;32m  OK  [0m] Reached target Network (Pre).
         Starting Network Service...
[[0;32m  OK  [0m] Started Network Service.
         Starting Wait for Network to be Configured...
         Starting Network Name Resolution...
[[0;32m  OK  [0m] Started Network Name Resolution.
[[0;32m  OK  [0m] Reached target Host and Network Name Lookups.
[[0;32m  OK  [0m] Reached target Network.
[[0;32m  OK  [0m] Started Wait for Network to be Configured.
         Starting Initial cloud-init job (metadata service crawler)...
[   21.062410] cloud-init[724]: Cloud-init v. 19.2-36-g059d049c-0ubuntu1~18.04.1 running 'init' at Tue, 08 Oct 2019 10:10:17 +0000. Up 20.94 seconds.
[   21.068040] cloud-init[724]: ci-info: ++++++++++++++++++++++++++++++++++++++Net device info+++++++++++++++++++++++++++++++++++++++
[   21.072141] cloud-init[724]: ci-info: +--------+------+-----------------------------+---------------+--------+-------------------+
[   21.077354] cloud-init[724]: ci-info: | Device |  Up  |           Address           |      Mask     | Scope  |     Hw-Address    |
[   21.081159] cloud-init[724]: ci-info: +--------+------+-----------------------------+---------------+--------+-------------------+
[   21.086942] cloud-init[724]: ci-info: | enp0s3 | True |          10.0.2.15          | 255.255.255.0 | global | 02:82:7a:7b:51:94 |
[   21.091492] cloud-init[724]: ci-info: | enp0s3 | True |  fe80::82:7aff:fe7b:5194/64 |       .       |  link  | 02:82:7a:7b:51:94 |
[   21.094429] cloud-init[724]: ci-info: | enp0s8 | True |        192.168.33.10        | 255.255.255.0 | global | 08:00:27:1e:5e:b7 |
[   21.099685] cloud-init[724]: ci-info: | enp0s8 | True | fe80::a00:27ff:fe1e:5eb7/64 |       .       |  link  | 08:00:27:1e:5e:b7 |
[   21.102563] cloud-init[724]: ci-info: |   lo   | True |          127.0.0.1          |   255.0.0.0   |  host  |         .         |
[   21.105266] cloud-init[724]: ci-info: |   lo   | True |           ::1/128           |       .       |  host  |         .         |
[   21.108130] cloud-init[724]: ci-info: +--------+------+-----------------------------+---------------+--------+-------------------+
[   21.110295] cloud-init[724]: ci-info: +++++++++++++++++++++++++++++Route IPv4 info+++++++++++++++++++++++++++++
[   21.112071] cloud-init[724]: ci-info: +-------+--------------+----------+-----------------+-----------+-------+
[   21.144236] cloud-init[724]: ci-info: | Route | Destination  | Gateway  |     Genmask     | Interface | Flags |
[   21.155782] cloud-init[724]: ci-info: +-------+--------------+----------+-----------------+-----------+-------+
[   21.158565] cloud-init[724]: ci-info: |   0   |   0.0.0.0    | 10.0.2.2 |     0.0.0.0     |   enp0s3  |   UG  |
[   21.162170] cloud-init[724]: ci-info: |   1   |   10.0.2.0   | 0.0.0.0  |  255.255.255.0  |   enp0s3  |   U   |
[   21.164748] cloud-init[724]: ci-info: |   2   |   10.0.2.2   | 0.0.0.0  | 255.255.255.255 |   enp0s3  |   UH  |
[   21.167579] cloud-init[724]: ci-info: |   3   | 192.168.33.0 | 0.0.0.0  |  255.255.255.0  |   enp0s8  |   U   |
[   21.171466] cloud-init[724]: ci-info: +-------+--------------+----------+-----------------+-----------+-------+
[   21.179034] cloud-init[724]: ci-info: +++++++++++++++++++Route IPv6 info+++++++++++++++++++
[   21.181459] cloud-init[724]: ci-info: +-------+-------------+---------+-----------+-------+
[   21.185622] cloud-init[724]: ci-info: | Route | Destination | Gateway | Interface | Flags |
[   21.188166] cloud-init[724]: ci-info: +-------+-------------+---------+-----------+-------+
[   21.190392] cloud-init[724]: ci-info: |   1   |  fe80::/64  |    ::   |   enp0s8  |   U   |
[   21.192967] cloud-init[724]: ci-info: |   2   |  fe80::/64  |    ::   |   enp0s3  |   U   |
[   21.195268] cloud-init[724]: ci-info: |   4   |    local    |    ::   |   enp0s3  |   U   |
[   21.199164] cloud-init[724]: ci-info: |   5   |    local    |    ::   |   enp0s8  |   U   |
[   21.201705] cloud-init[724]: ci-info: |   6   |   ff00::/8  |    ::   |   enp0s8  |   U   |
[   21.204047] cloud-init[724]: ci-info: |   7   |   ff00::/8  |    ::   |   enp0s3  |   U   |
[   21.206071] cloud-init[724]: ci-info: +-------+-------------+---------+-----------+-------+
[[0;32m  OK  [0m] Started Initial cloud-init job (metadata service crawler).
[[0;32m  OK  [0m] Reached target Cloud-config availability.
[[0;32m  OK  [0m] Reached target Network is Online.
         Starting Availability of block devices...
[[0;32m  OK  [0m] Reached target Remote File Systems (Pre).
[[0;32m  OK  [0m] Reached target Remote File Systems.
[[0;32m  OK  [0m] Reached target System Initialization.
[[0;32m  OK  [0m] Listening on D-Bus System Message Bus Socket.
[[0;32m  OK  [0m] Listening on Open-iSCSI iscsid Socket.
[[0;32m  OK  [0m] Started Message of the Day.
         Starting LXD - unix socket.
[[0;32m  OK  [0m] Started Daily apt download activities.
         Starting Socket activation for snappy daemon.
[[0;32m  OK  [0m] Started ACPI Events Check.
[[0;32m  OK  [0m] Reached target Paths.
[[0;32m  OK  [0m] Listening on UUID daemon activation socket.
[[0;32m  OK  [0m] Started Daily Cleanup of Temporary Directories.
[[0;32m  OK  [0m] Listening on ACPID Listen Socket.
[[0;32m  OK  [0m] Started Daily apt upgrade and clean activities.
[[0;32m  OK  [0m] Started Discard unused blocks once a week.
[[0;32m  OK  [0m] Reached target Timers.
[[0;32m  OK  [0m] Started Availability of block devices.
[[0;32m  OK  [0m] Listening on LXD - unix socket.
[[0;32m  OK  [0m] Listening on Socket activation for snappy daemon.
[[0;32m  OK  [0m] Reached target Sockets.
[[0;32m  OK  [0m] Reached target Basic System.
         Starting LSB: automatic crash report generation...
         Starting Accounts Service...
         Starting System Logging Service...
[[0;32m  OK  [0m] Started Deferred execution scheduler.
[[0;32m  OK  [0m] Started D-Bus System Message Bus.
[[0;32m  OK  [0m] Started irqbalance daemon.
         Starting Snappy daemon...
         Starting Login Service...
         Starting OpenBSD Secure Shell server...
         Starting Dispatcher daemon for systemd-networkd...
         Starting LXD - container startup/shutdown...
         Starting Permit User Sessions...
[[0;32m  OK  [0m] Started FUSE filesystem for LXC.
[[0;32m  OK  [0m] Started Regular background program processing daemon.
         Starting vboxadd.service...
         Starting LSB: Record successful boot for GRUB...
[[0;32m  OK  [0m] Started System Logging Service.
[[0;32m  OK  [0m] Started Permit User Sessions.
[[0;32m  OK  [0m] Started OpenBSD Secure Shell server.
         Starting Authorization Manager...
         Starting Terminate Plymouth Boot Screen...
         Starting Hold until boot process finishes up...
[[0;32m  OK  [0m] Started Terminate Plymouth Boot Screen.
[[0;32m  OK  [0m] Started Hold until boot process finishes up.
[[0;32m  OK  [0m] Started Login Service.
[[0;32m  OK  [0m] Started Authorization Manager.
[[0;32m  OK  [0m] Started LSB: automatic crash report generation.
[[0;32m  OK  [0m] Started LSB: Record successful boot for GRUB.
[[0;32m  OK  [0m] Started Accounts Service.
[[0;32m  OK  [0m] Created slice User Slice of vagrant.
[[0;32m  OK  [0m] Started Unattended Upgrades Shutdown.
[[0;32m  OK  [0m] Started Serial Getty on ttyS0.
         Starting Set console scheme...
         Starting User Manager for UID 1000...
[[0;32m  OK  [0m] Started Set console scheme.
[[0;32m  OK  [0m] Started Snappy daemon.
[[0;32m  OK  [0m] Started Session 1 of user vagrant.
         Starting Wait until snapd is fully seeded...
[[0;32m  OK  [0m] Created slice system-getty.slice.
[[0;32m  OK  [0m] Started Getty on tty1.
[[0;32m  OK  [0m] Reached target Login Prompts.
[[0;32m  OK  [0m] Started Dispatcher daemon for systemd-networkd.
[[0;32m  OK  [0m] Started Wait until snapd is fully seeded.
         Starting Apply the settings specified in cloud-config...
[[0;32m  OK  [0m] Started LXD - container startup/shutdown.
[[0;32m  OK  [0m] Started User Manager for UID 1000.
[[0;32m  OK  [0m] Started vboxadd.service.
         Starting vboxadd-service.service...
[[0;32m  OK  [0m] Started vboxadd-service.service.
[[0;32m  OK  [0m] Reached target Multi-User System.
[[0;32m  OK  [0m] Reached target Graphical Interface.
         Starting Update UTMP about System Runlevel Changes...
[[0;32m  OK  [0m] Started Update UTMP about System Runlevel Changes.
[   22.905757] cloud-init[1219]: Cloud-init v. 19.2-36-g059d049c-0ubuntu1~18.04.1 running 'modules:config' at Tue, 08 Oct 2019 10:10:19 +0000. Up 22.77 seconds.
[[0;32m  OK  [0m] Started Apply the settings specified in cloud-config.
         Starting Execute cloud user/final scripts...
[   23.433610] cloud-init[1359]: Cloud-init v. 19.2-36-g059d049c-0ubuntu1~18.04.1 running 'modules:final' at Tue, 08 Oct 2019 10:10:19 +0000. Up 23.32 seconds.
[   23.438215] cloud-init[1359]: Cloud-init v. 19.2-36-g059d049c-0ubuntu1~18.04.1 finished at Tue, 08 Oct 2019 10:10:19 +0000. Datasource DataSourceNoCloud [seed=/dev/sdb][dsmode=net].  Up 23.42 seconds
[[0;32m  OK  [0m] Started Execute cloud user/final scripts.
[[0;32m  OK  [0m] Reached target Cloud-init target.

Ubuntu 18.04.3 LTS ubuntu-bionic ttyS0

ubuntu-bionic login: 